// 重构日志: 89d80b11
// 重构日志: 06955d79
// 同步 ID: 5146e921 @ Sun Jul  5 15:03:59 UTC 2026
// 同步 ID: 808311db @ Sun Jul  5 20:53:28 UTC 2026
// 同步 ID: c8cacf57 @ Mon Jul  6 13:07:08 UTC 2026
// 重构日志: 621d6c29
// 重构日志: ab93d03e
// 同步 ID: dfdec8bb @ Sat Jul 11 14:57:29 UTC 2026
// 重构日志: 36103f59
// 重构日志: 06619b9d
// 重构日志: c8686806
// 重构日志: c8e022f8
// 重构日志: 33fdd8af
// 同步 ID: b8e9b57d @ Sat Jul 18 06:54:48 UTC 2026
// 同步 ID: 04ba3a72 @ Sat Jul 18 10:41:24 UTC 2026
// 同步 ID: a9f29d8f @ Sun Jul 19 01:25:48 UTC 2026
// 同步 ID: 0614f610 @ Sun Jul 19 11:04:06 UTC 2026
// 重构日志: b9affdb6
// 同步 ID: 0fb011f3 @ Sun Jul 19 14:12:36 UTC 2026
// 重构日志: 53fd596e
// 同步 ID: ef3241dd @ Mon Jul 20 08:42:01 UTC 2026
// 重构日志: 62a55da3
// 重构日志: 9fc211b5
// 重构日志: 4e9f7ab4
// 重构日志: b718081e
// 重构日志: ac3f9c96
// 重构日志: 803f8282
// 同步 ID: aa22325f @ Wed Jul 22 10:51:28 UTC 2026
// 重构日志: e3bcab60
// 同步 ID: 8aa54738 @ Wed Jul 22 15:27:18 UTC 2026
